<?xml version="1.0" encoding="UTF-8"?>
<testng-results ignored="0" total="4" passed="4" failed="0" skipped="0">
  <reporter-output>
  </reporter-output>
  <suite started-at="2024-02-01T02:54:23 CST" name="Default suite" finished-at="2024-02-01T02:54:44 CST" duration-ms="21047">
    <groups>
    </groups>
    <test started-at="2024-02-01T02:54:23 CST" name="Default test" finished-at="2024-02-01T02:54:44 CST" duration-ms="21047">
      <class name="test.TestNG_demo">
        <test-method is-config="true" signature="setUpTest()[pri:0, instance:test.TestNG_demo@6f1de4c7]" started-at="2024-02-01T02:54:23 CST" name="setUpTest" finished-at="2024-02-01T02:54:39 CST" duration-ms="16349" status="PASS">
          <reporter-output>
          </reporter-output>
        </test-method> <!-- setUpTest -->
        <test-method signature="getRgbColorTest()[pri:0, instance:test.TestNG_demo@6f1de4c7]" started-at="2024-02-01T02:54:40 CST" name="getRgbColorTest" finished-at="2024-02-01T02:54:41 CST" duration-ms="1371" status="PASS">
          <reporter-output>
          </reporter-output>
        </test-method> <!-- getRgbColorTest -->
        <test-method signature="iFrameCheckBoxTest()[pri:0, instance:test.TestNG_demo@6f1de4c7]" started-at="2024-02-01T02:54:41 CST" name="iFrameCheckBoxTest" finished-at="2024-02-01T02:54:42 CST" duration-ms="911" status="PASS">
          <reporter-output>
          </reporter-output>
        </test-method> <!-- iFrameCheckBoxTest -->
        <test-method signature="selectDropDownTest()[pri:0, instance:test.TestNG_demo@6f1de4c7]" started-at="2024-02-01T02:54:42 CST" name="selectDropDownTest" finished-at="2024-02-01T02:54:43 CST" duration-ms="407" status="PASS">
          <reporter-output>
          </reporter-output>
        </test-method> <!-- selectDropDownTest -->
        <test-method signature="testInputFieldFilled()[pri:0, instance:test.TestNG_demo@6f1de4c7]" started-at="2024-02-01T02:54:43 CST" name="testInputFieldFilled" finished-at="2024-02-01T02:54:43 CST" duration-ms="320" status="PASS">
          <reporter-output>
          </reporter-output>
        </test-method> <!-- testInputFieldFilled -->
        <test-method is-config="true" signature="tearDownTest()[pri:0, instance:test.TestNG_demo@6f1de4c7]" started-at="2024-02-01T02:54:43 CST" name="tearDownTest" finished-at="2024-02-01T02:54:44 CST" duration-ms="1118" status="PASS">
          <reporter-output>
          </reporter-output>
        </test-method> <!-- tearDownTest -->
      </class> <!-- test.TestNG_demo -->
    </test> <!-- Default test -->
  </suite> <!-- Default suite -->
</testng-results>
