<?xml version="1.0" encoding="UTF-8"?>
<!-- Generated by org.testng.reporters.JUnitXMLReporter -->
<testsuite ignored="0" hostname="DESKTOP-KA2FGMF" failures="0" tests="4" name="Default test" time="21.047" errors="0" timestamp="2024-02-01T02:54:44 CST">
  <testcase classname="test.TestNG_demo" name="getRgbColorTest" time="1.371"/>
  <testcase classname="test.TestNG_demo" name="iFrameCheckBoxTest" time="0.911"/>
  <testcase classname="test.TestNG_demo" name="selectDropDownTest" time="0.407"/>
  <testcase classname="test.TestNG_demo" name="testInputFieldFilled" time="0.32"/>
</testsuite> <!-- Default test -->
